{"/Users/hankfontaine/Documents/repos/themeWork/src/App.js": {"path":"/Users/hankfontaine/Documents/repos/themeWork/src/App.js","statementMap":{"0":{"start":{"line":3,"column":12},"end":{"line":5,"column":1}},"1":{"start":{"line":4,"column":2},"end":{"line":4,"column":47}}},"fnMap":{"0":{"name":"(anonymous_0)","decl":{"start":{"line":3,"column":12},"end":{"line":3,"column":13}},"loc":{"start":{"line":3,"column":18},"end":{"line":5,"column":1}},"line":3}},"branchMap":{},"s":{"0":0,"1":0},"f":{"0":0},"b":{}}
}
