{"/home/sunjin/codesmith/themework/src/App.js": {"path":"/home/sunjin/codesmith/themework/src/App.js","statementMap":{"0":{"start":{"line":5,"column":12},"end":{"line":11,"column":1}},"1":{"start":{"line":6,"column":2},"end":{"line":10,"column":10}}},"fnMap":{"0":{"name":"(anonymous_0)","decl":{"start":{"line":5,"column":12},"end":{"line":5,"column":13}},"loc":{"start":{"line":5,"column":18},"end":{"line":11,"column":1}},"line":5}},"branchMap":{},"s":{"0":0,"1":0},"f":{"0":0},"b":{}}
,"/home/sunjin/codesmith/themework/src/socket.js": {"path":"/home/sunjin/codesmith/themework/src/socket.js","statementMap":{"0":{"start":{"line":4,"column":12},"end":{"line":4,"column":87}},"1":{"start":{"line":6,"column":22},"end":{"line":6,"column":29}}},"fnMap":{},"branchMap":{"0":{"loc":{"start":{"line":4,"column":12},"end":{"line":4,"column":87}},"type":"cond-expr","locations":[{"start":{"line":4,"column":52},"end":{"line":4,"column":61}},{"start":{"line":4,"column":64},"end":{"line":4,"column":87}}],"line":4}},"s":{"0":0,"1":0},"f":{},"b":{"0":[0,0]}}
,"/home/sunjin/codesmith/themework/src/components/ConnectionManager.js": {"path":"/home/sunjin/codesmith/themework/src/components/ConnectionManager.js","statementMap":{"0":{"start":{"line":6,"column":4},"end":{"line":6,"column":21}},"1":{"start":{"line":10,"column":4},"end":{"line":10,"column":24}},"2":{"start":{"line":13,"column":2},"end":{"line":18,"column":4}}},"fnMap":{"0":{"name":"ConnectionManager","decl":{"start":{"line":4,"column":16},"end":{"line":4,"column":33}},"loc":{"start":{"line":4,"column":36},"end":{"line":19,"column":1}},"line":4},"1":{"name":"connect","decl":{"start":{"line":5,"column":11},"end":{"line":5,"column":18}},"loc":{"start":{"line":5,"column":21},"end":{"line":7,"column":3}},"line":5},"2":{"name":"disconnect","decl":{"start":{"line":9,"column":11},"end":{"line":9,"column":21}},"loc":{"start":{"line":9,"column":24},"end":{"line":11,"column":3}},"line":9}},"branchMap":{},"s":{"0":0,"1":0,"2":0},"f":{"0":0,"1":0,"2":0},"b":{}}
,"/home/sunjin/codesmith/themework/src/components/ConnectionState.js": {"path":"/home/sunjin/codesmith/themework/src/components/ConnectionState.js","statementMap":{"0":{"start":{"line":4,"column":2},"end":{"line":4,"column":44}}},"fnMap":{"0":{"name":"ConnectionState","decl":{"start":{"line":3,"column":16},"end":{"line":3,"column":31}},"loc":{"start":{"line":3,"column":49},"end":{"line":5,"column":1}},"line":3}},"branchMap":{},"s":{"0":0},"f":{"0":0},"b":{}}
,"/home/sunjin/codesmith/themework/src/components/Create.js": {"path":"/home/sunjin/codesmith/themework/src/components/Create.js","statementMap":{},"fnMap":{},"branchMap":{},"s":{},"f":{},"b":{}}
,"/home/sunjin/codesmith/themework/src/components/EditorContainer.js": {"path":"/home/sunjin/codesmith/themework/src/components/EditorContainer.js","statementMap":{"0":{"start":{"line":5,"column":23},"end":{"line":10,"column":3}},"1":{"start":{"line":6,"column":4},"end":{"line":6,"column":22}},"2":{"start":{"line":9,"column":4},"end":{"line":9,"column":36}},"3":{"start":{"line":12,"column":2},"end":{"line":22,"column":3}},"4":{"start":{"line":16,"column":49},"end":{"line":16,"column":78}}},"fnMap":{"0":{"name":"EditorContainer","decl":{"start":{"line":3,"column":24},"end":{"line":3,"column":39}},"loc":{"start":{"line":3,"column":48},"end":{"line":23,"column":1}},"line":3},"1":{"name":"(anonymous_1)","decl":{"start":{"line":5,"column":23},"end":{"line":5,"column":24}},"loc":{"start":{"line":5,"column":30},"end":{"line":10,"column":3}},"line":5},"2":{"name":"(anonymous_2)","decl":{"start":{"line":16,"column":42},"end":{"line":16,"column":43}},"loc":{"start":{"line":16,"column":49},"end":{"line":16,"column":78}},"line":16}},"branchMap":{},"s":{"0":0,"1":0,"2":0,"3":0,"4":0},"f":{"0":0,"1":0,"2":0},"b":{}}
,"/home/sunjin/codesmith/themework/src/components/Events.js": {"path":"/home/sunjin/codesmith/themework/src/components/Events.js","statementMap":{"0":{"start":{"line":4,"column":2},"end":{"line":12,"column":4}},"1":{"start":{"line":8,"column":8},"end":{"line":8,"column":40}}},"fnMap":{"0":{"name":"Events","decl":{"start":{"line":3,"column":16},"end":{"line":3,"column":22}},"loc":{"start":{"line":3,"column":35},"end":{"line":13,"column":1}},"line":3},"1":{"name":"(anonymous_1)","decl":{"start":{"line":7,"column":17},"end":{"line":7,"column":18}},"loc":{"start":{"line":8,"column":8},"end":{"line":8,"column":40}},"line":8}},"branchMap":{},"s":{"0":0,"1":0},"f":{"0":0,"1":0},"b":{}}
,"/home/sunjin/codesmith/themework/src/components/Join.js": {"path":"/home/sunjin/codesmith/themework/src/components/Join.js","statementMap":{},"fnMap":{},"branchMap":{},"s":{},"f":{},"b":{}}
,"/home/sunjin/codesmith/themework/src/components/Login.js": {"path":"/home/sunjin/codesmith/themework/src/components/Login.js","statementMap":{"0":{"start":{"line":10,"column":2},"end":{"line":28,"column":3}}},"fnMap":{"0":{"name":"Login","decl":{"start":{"line":5,"column":24},"end":{"line":5,"column":29}},"loc":{"start":{"line":5,"column":38},"end":{"line":29,"column":1}},"line":5}},"branchMap":{},"s":{"0":0},"f":{"0":0},"b":{}}
,"/home/sunjin/codesmith/themework/src/components/MyForm.js": {"path":"/home/sunjin/codesmith/themework/src/components/MyForm.js","statementMap":{"0":{"start":{"line":5,"column":28},"end":{"line":5,"column":40}},"1":{"start":{"line":6,"column":36},"end":{"line":6,"column":51}},"2":{"start":{"line":9,"column":4},"end":{"line":9,"column":27}},"3":{"start":{"line":10,"column":4},"end":{"line":10,"column":23}},"4":{"start":{"line":12,"column":4},"end":{"line":14,"column":7}},"5":{"start":{"line":13,"column":6},"end":{"line":13,"column":26}},"6":{"start":{"line":17,"column":2},"end":{"line":23,"column":4}},"7":{"start":{"line":19,"column":29},"end":{"line":19,"column":53}}},"fnMap":{"0":{"name":"MyForm","decl":{"start":{"line":4,"column":16},"end":{"line":4,"column":22}},"loc":{"start":{"line":4,"column":25},"end":{"line":24,"column":1}},"line":4},"1":{"name":"onSubmit","decl":{"start":{"line":8,"column":11},"end":{"line":8,"column":19}},"loc":{"start":{"line":8,"column":27},"end":{"line":15,"column":3}},"line":8},"2":{"name":"(anonymous_2)","decl":{"start":{"line":12,"column":57},"end":{"line":12,"column":58}},"loc":{"start":{"line":12,"column":63},"end":{"line":14,"column":5}},"line":12},"3":{"name":"(anonymous_3)","decl":{"start":{"line":19,"column":24},"end":{"line":19,"column":25}},"loc":{"start":{"line":19,"column":29},"end":{"line":19,"column":53}},"line":19}},"branchMap":{},"s":{"0":0,"1":0,"2":0,"3":0,"4":0,"5":0,"6":0,"7":0},"f":{"0":0,"1":0,"2":0,"3":0},"b":{}}
,"/home/sunjin/codesmith/themework/src/components/Page.js": {"path":"/home/sunjin/codesmith/themework/src/components/Page.js","statementMap":{"0":{"start":{"line":12,"column":40},"end":{"line":12,"column":66}},"1":{"start":{"line":13,"column":36},"end":{"line":13,"column":48}},"2":{"start":{"line":15,"column":52},"end":{"line":15,"column":67}},"3":{"start":{"line":16,"column":48},"end":{"line":16,"column":63}},"4":{"start":{"line":17,"column":36},"end":{"line":17,"column":51}},"5":{"start":{"line":18,"column":26},"end":{"line":18,"column":38}},"6":{"start":{"line":19,"column":34},"end":{"line":19,"column":46}},"7":{"start":{"line":20,"column":22},"end":{"line":20,"column":64}},"8":{"start":{"line":20,"column":28},"end":{"line":20,"column":64}},"9":{"start":{"line":20,"column":55},"end":{"line":20,"column":63}},"10":{"start":{"line":22,"column":2},"end":{"line":48,"column":9}},"11":{"start":{"line":24,"column":6},"end":{"line":24,"column":27}},"12":{"start":{"line":28,"column":6},"end":{"line":28,"column":28}},"13":{"start":{"line":36,"column":6},"end":{"line":36,"column":53}},"14":{"start":{"line":36,"column":31},"end":{"line":36,"column":51}},"15":{"start":{"line":39,"column":4},"end":{"line":39,"column":36}},"16":{"start":{"line":40,"column":4},"end":{"line":40,"column":42}},"17":{"start":{"line":41,"column":4},"end":{"line":41,"column":33}},"18":{"start":{"line":43,"column":4},"end":{"line":47,"column":6}},"19":{"start":{"line":44,"column":6},"end":{"line":44,"column":39}},"20":{"start":{"line":45,"column":6},"end":{"line":45,"column":45}},"21":{"start":{"line":46,"column":6},"end":{"line":46,"column":36}},"22":{"start":{"line":50,"column":2},"end":{"line":63,"column":3}}},"fnMap":{"0":{"name":"Page","decl":{"start":{"line":11,"column":24},"end":{"line":11,"column":28}},"loc":{"start":{"line":11,"column":32},"end":{"line":64,"column":1}},"line":11},"1":{"name":"(anonymous_1)","decl":{"start":{"line":20,"column":22},"end":{"line":20,"column":23}},"loc":{"start":{"line":20,"column":28},"end":{"line":20,"column":64}},"line":20},"2":{"name":"(anonymous_2)","decl":{"start":{"line":20,"column":42},"end":{"line":20,"column":43}},"loc":{"start":{"line":20,"column":55},"end":{"line":20,"column":63}},"line":20},"3":{"name":"(anonymous_3)","decl":{"start":{"line":22,"column":12},"end":{"line":22,"column":13}},"loc":{"start":{"line":22,"column":18},"end":{"line":48,"column":3}},"line":22},"4":{"name":"onConnect","decl":{"start":{"line":23,"column":13},"end":{"line":23,"column":22}},"loc":{"start":{"line":23,"column":25},"end":{"line":25,"column":5}},"line":23},"5":{"name":"onDisconnect","decl":{"start":{"line":27,"column":13},"end":{"line":27,"column":25}},"loc":{"start":{"line":27,"column":28},"end":{"line":33,"column":5}},"line":27},"6":{"name":"onFooEvent","decl":{"start":{"line":35,"column":13},"end":{"line":35,"column":23}},"loc":{"start":{"line":35,"column":31},"end":{"line":37,"column":5}},"line":35},"7":{"name":"(anonymous_7)","decl":{"start":{"line":36,"column":19},"end":{"line":36,"column":20}},"loc":{"start":{"line":36,"column":31},"end":{"line":36,"column":51}},"line":36},"8":{"name":"(anonymous_8)","decl":{"start":{"line":43,"column":11},"end":{"line":43,"column":12}},"loc":{"start":{"line":43,"column":17},"end":{"line":47,"column":5}},"line":43}},"branchMap":{"0":{"loc":{"start":{"line":59,"column":12},"end":{"line":59,"column":127}},"type":"cond-expr","locations":[{"start":{"line":59,"column":23},"end":{"line":59,"column":79}},{"start":{"line":59,"column":82},"end":{"line":59,"column":127}}],"line":59},"1":{"loc":{"start":{"line":60,"column":8},"end":{"line":61,"column":126}},"type":"cond-expr","locations":[{"start":{"line":60,"column":19},"end":{"line":60,"column":85}},{"start":{"line":61,"column":6},"end":{"line":61,"column":126}}],"line":60}},"s":{"0":0,"1":0,"2":0,"3":0,"4":0,"5":0,"6":0,"7":0,"8":0,"9":0,"10":0,"11":0,"12":0,"13":0,"14":0,"15":0,"16":0,"17":0,"18":0,"19":0,"20":0,"21":0,"22":0},"f":{"0":0,"1":0,"2":0,"3":0,"4":0,"5":0,"6":0,"7":0,"8":0},"b":{"0":[0,0],"1":[0,0]}}
}
