TN:
SF:src/App.js
FN:5,(anonymous_0)
FNF:1
FNH:0
FNDA:0,(anonymous_0)
DA:5,0
DA:6,0
LF:2
LH:0
BRF:0
BRH:0
end_of_record
TN:
SF:src/socket.js
FNF:0
FNH:0
DA:4,0
DA:6,0
LF:2
LH:0
BRDA:4,0,0,0
BRDA:4,0,1,0
BRF:2
BRH:0
end_of_record
TN:
SF:src/components/ConnectionManager.js
FN:4,ConnectionManager
FN:5,connect
FN:9,disconnect
FNF:3
FNH:0
FNDA:0,ConnectionManager
FNDA:0,connect
FNDA:0,disconnect
DA:6,0
DA:10,0
DA:13,0
LF:3
LH:0
BRF:0
BRH:0
end_of_record
TN:
SF:src/components/ConnectionState.js
FN:3,ConnectionState
FNF:1
FNH:0
FNDA:0,ConnectionState
DA:4,0
LF:1
LH:0
BRF:0
BRH:0
end_of_record
TN:
SF:src/components/Create.js
FNF:0
FNH:0
LF:0
LH:0
BRF:0
BRH:0
end_of_record
TN:
SF:src/components/EditorContainer.js
FN:3,EditorContainer
FN:5,(anonymous_1)
FN:16,(anonymous_2)
FNF:3
FNH:0
FNDA:0,EditorContainer
FNDA:0,(anonymous_1)
FNDA:0,(anonymous_2)
DA:5,0
DA:6,0
DA:9,0
DA:12,0
DA:16,0
LF:5
LH:0
BRF:0
BRH:0
end_of_record
TN:
SF:src/components/Events.js
FN:3,Events
FN:7,(anonymous_1)
FNF:2
FNH:0
FNDA:0,Events
FNDA:0,(anonymous_1)
DA:4,0
DA:8,0
LF:2
LH:0
BRF:0
BRH:0
end_of_record
TN:
SF:src/components/Join.js
FNF:0
FNH:0
LF:0
LH:0
BRF:0
BRH:0
end_of_record
TN:
SF:src/components/Login.js
FN:5,Login
FNF:1
FNH:0
FNDA:0,Login
DA:10,0
LF:1
LH:0
BRF:0
BRH:0
end_of_record
TN:
SF:src/components/MyForm.js
FN:4,MyForm
FN:8,onSubmit
FN:12,(anonymous_2)
FN:19,(anonymous_3)
FNF:4
FNH:0
FNDA:0,MyForm
FNDA:0,onSubmit
FNDA:0,(anonymous_2)
FNDA:0,(anonymous_3)
DA:5,0
DA:6,0
DA:9,0
DA:10,0
DA:12,0
DA:13,0
DA:17,0
DA:19,0
LF:8
LH:0
BRF:0
BRH:0
end_of_record
TN:
SF:src/components/Page.js
FN:11,Page
FN:20,(anonymous_1)
FN:20,(anonymous_2)
FN:22,(anonymous_3)
FN:23,onConnect
FN:27,onDisconnect
FN:35,onFooEvent
FN:36,(anonymous_7)
FN:43,(anonymous_8)
FNF:9
FNH:0
FNDA:0,Page
FNDA:0,(anonymous_1)
FNDA:0,(anonymous_2)
FNDA:0,(anonymous_3)
FNDA:0,onConnect
FNDA:0,onDisconnect
FNDA:0,onFooEvent
FNDA:0,(anonymous_7)
FNDA:0,(anonymous_8)
DA:12,0
DA:13,0
DA:15,0
DA:16,0
DA:17,0
DA:18,0
DA:19,0
DA:20,0
DA:22,0
DA:24,0
DA:28,0
DA:36,0
DA:39,0
DA:40,0
DA:41,0
DA:43,0
DA:44,0
DA:45,0
DA:46,0
DA:50,0
LF:20
LH:0
BRDA:59,0,0,0
BRDA:59,0,1,0
BRDA:60,1,0,0
BRDA:60,1,1,0
BRF:4
BRH:0
end_of_record
